Average temperature for time 0 was 43.22 C.
Median temperature for time  was 0.00 C.

Average temperature for time 5 was 61.22 C.
Median temperature for time  was 0.00 C.

Average temperature for time 10 was 51.88 C.
Median temperature for time  was 0.00 C.

Average temperature for time 15 was 48.77 C.
Median temperature for time  was 0.00 C.

Average temperature for time 20 was 57.66 C.
Median temperature for time  was 0.00 C.

Average temperature for time 25 was 50.11 C.
Median temperature for time  was 0.00 C.

Average temperature for time 30 was 54.77 C.
Median temperature for time  was 0.00 C.

Average temperature for time 35 was 62.55 C.
Median temperature for time  was 0.00 C.

Average temperature for time 40 was 58.55 C.
Median temperature for time  was 0.00 C.

Average temperature for time 45 was 49.00 C.
Median temperature for time  was 0.00 C.

Average temperature for time 50 was 56.77 C.
Median temperature for time  was 0.00 C.

Average temperature for time 55 was 49.44 C.
Median temperature for time  was 0.00 C.

Average temperature for time 60 was 48.33 C.
Median temperature for time  was 0.00 C.

Average temperature for time 65 was 52.11 C.
Median temperature for time  was 0.00 C.

Average temperature for time 70 was 56.77 C.
Median temperature for time  was 0.00 C.

Average temperature for time 75 was 57.66 C.
Median temperature for time  was 0.00 C.

Average temperature for time 80 was 53.55 C.
Median temperature for time  was 0.00 C.

Average temperature for time 85 was 50.00 C.
Median temperature for time  was 0.00 C.

Average temperature for time 90 was 63.33 C.
Median temperature for time  was 0.00 C.

Average temperature for time 95 was 55.33 C.
Median temperature for time  was 0.00 C.

Average temperature for time 100 was 64.44 C.
Median temperature for time  was 0.00 C.

Average temperature for time io was 54.57 C.
Median temperature for time io was 55.00 C.

Average temperature for time shay was 52.38 C.
Median temperature for time shay was 48.00 C.

Average temperature for time min was 55.90 C.
Median temperature for time min was 53.00 C.

Average temperature for time yara was 55.71 C.
Median temperature for time yara was 58.00 C.

Average temperature for time dynamo was 50.85 C.
Median temperature for time dynamo was 48.00 C.

Average temperature for time tools was 55.33 C.
Median temperature for time tools was 55.00 C.

Average temperature for time ecegrid was 57.23 C.
Median temperature for time ecegrid was 59.00 C.

Average temperature for time nano was 57.52 C.
Median temperature for time nano was 60.00 C.

Average temperature for time got was 51.42 C.
Median temperature for time got was 49.00 C.

